c:\users\mei-1\desktop\realsense开发\librealsense调试程序\18.使用算坐标的方式滤波(3.16)\realsense_multicam\debug\vc120.pdb
c:\users\mei-1\desktop\realsense开发\librealsense调试程序\18.使用算坐标的方式滤波(3.16)\realsense_multicam\debug\vc120.idb
c:\users\mei-1\desktop\realsense开发\librealsense调试程序\18.使用算坐标的方式滤波(3.16)\realsense_multicam\debug\cpp-multicam.obj
c:\users\mei-1\desktop\realsense开发\librealsense调试程序\18.使用算坐标的方式滤波(3.16)\realsense_multicam\debug\serialport_timer.obj
c:\users\mei-1\desktop\realsense开发\librealsense调试程序\18.使用算坐标的方式滤波(3.16)\realsense_multicam\debug\cameracalibration.obj
c:\users\mei-1\desktop\realsense开发\librealsense调试程序\18.使用算坐标的方式滤波(3.16)\realsense_multicam\debug\geometrytypes.obj
c:\users\mei-1\desktop\realsense开发\librealsense调试程序\18.使用算坐标的方式滤波(3.16)\realsense_multicam\debug\marker.obj
c:\users\mei-1\desktop\realsense开发\librealsense调试程序\18.使用算坐标的方式滤波(3.16)\realsense_multicam\debug\markerdetector.obj
c:\users\mei-1\desktop\realsense开发\librealsense调试程序\18.使用算坐标的方式滤波(3.16)\realsense_multicam\debug\tinyla.obj
c:\users\mei-1\desktop\realsense开发\librealsense调试程序\19.继续测试过小河(3.18)\realsense_multicam\debug\vc120.pdb
c:\users\mei-1\desktop\realsense开发\librealsense调试程序\19.继续测试过小河(3.18)\realsense_multicam\debug\vc120.idb
c:\users\mei-1\desktop\realsense开发\librealsense调试程序\19.继续测试过小河(3.18)\realsense_multicam\debug\cpp-multicam.obj
c:\users\mei-1\desktop\realsense开发\librealsense调试程序\19.继续测试过小河(3.18)\realsense_multicam\debug\serialport_timer.obj
c:\users\mei-1\desktop\realsense开发\librealsense调试程序\19.继续测试过小河(3.18)\realsense_multicam\debug\cameracalibration.obj
c:\users\mei-1\desktop\realsense开发\librealsense调试程序\19.继续测试过小河(3.18)\realsense_multicam\debug\geometrytypes.obj
c:\users\mei-1\desktop\realsense开发\librealsense调试程序\19.继续测试过小河(3.18)\realsense_multicam\debug\marker.obj
c:\users\mei-1\desktop\realsense开发\librealsense调试程序\19.继续测试过小河(3.18)\realsense_multicam\debug\markerdetector.obj
c:\users\mei-1\desktop\realsense开发\librealsense调试程序\19.继续测试过小河(3.18)\realsense_multicam\debug\tinyla.obj
c:\users\mei-1\desktop\realsense开发\librealsense调试程序\18.使用算坐标的方式滤波(3.16)\debug\realsense_multicam.ilk
c:\users\mei-1\desktop\realsense开发\librealsense调试程序\18.使用算坐标的方式滤波(3.16)\debug\realsense_multicam.exe
c:\users\mei-1\desktop\realsense开发\librealsense调试程序\18.使用算坐标的方式滤波(3.16)\debug\realsense_multicam.pdb
c:\users\mei-1\desktop\realsense开发\librealsense调试程序\19.继续测试过小河(3.18)\debug\realsense_multicam.ilk
c:\users\mei-1\desktop\realsense开发\librealsense调试程序\19.继续测试过小河(3.18)\debug\realsense_multicam.exe
c:\users\mei-1\desktop\realsense开发\librealsense调试程序\19.继续测试过小河(3.18)\debug\realsense_multicam.pdb
c:\users\mei-1\desktop\realsense开发\librealsense调试程序\19.继续测试过小河(3.18)\realsense_multicam\debug\realsens.9204207f.tlog\cl.command.1.tlog
c:\users\mei-1\desktop\realsense开发\librealsense调试程序\19.继续测试过小河(3.18)\realsense_multicam\debug\realsens.9204207f.tlog\cl.read.1.tlog
c:\users\mei-1\desktop\realsense开发\librealsense调试程序\19.继续测试过小河(3.18)\realsense_multicam\debug\realsens.9204207f.tlog\cl.write.1.tlog
c:\users\mei-1\desktop\realsense开发\librealsense调试程序\19.继续测试过小河(3.18)\realsense_multicam\debug\realsens.9204207f.tlog\link.command.1.tlog
c:\users\mei-1\desktop\realsense开发\librealsense调试程序\19.继续测试过小河(3.18)\realsense_multicam\debug\realsens.9204207f.tlog\link.read.1.tlog
c:\users\mei-1\desktop\realsense开发\librealsense调试程序\19.继续测试过小河(3.18)\realsense_multicam\debug\realsens.9204207f.tlog\link.write.1.tlog
